<?xml version="1.0" encoding="UTF-8"?>
<!-- Generated by org.testng.reporters.JUnitXMLReporter -->
<testsuite hostname="DESKTOP-APRU6N4" ignored="0" name="Default test" tests="1" failures="0" timestamp="2020-08-01T21:41:38 IST" time="0.101" errors="0">
  <testcase name="@BeforeClass setDesiredCapabilities" time="-1.596298298406E9" classname="com.github.testBase.BaseClass">
    <failure type="org.testng.TestNGException" message="
Parameter &amp;apos;appium_type&amp;apos; is required by BeforeClass on method setDesiredCapabilities but has not been marked @Optional or defined
in C:\Users\Manjunath\AppData\Local\Temp\testng-eclipse--1343326712\testng-customsuite.xml">
      <![CDATA[org.testng.TestNGException: 
Parameter 'appium_type' is required by BeforeClass on method setDesiredCapabilities but has not been marked @Optional or defined
in C:\Users\Manjunath\AppData\Local\Temp\testng-eclipse--1343326712\testng-customsuite.xml
at org.testng.internal.Parameters.createParams(Parameters.java:268)
at org.testng.internal.Parameters.createParametersForMethod(Parameters.java:356)
at org.testng.internal.Parameters.createParameters(Parameters.java:700)
at org.testng.internal.Parameters.createConfigurationParameters(Parameters.java:166)
at org.testng.internal.ConfigInvoker.invokeConfigurations(ConfigInvoker.java:299)
at org.testng.internal.TestMethodWorker.invokeBeforeClassMethods(TestMethodWorker.java:176)
at org.testng.internal.TestMethodWorker.run(TestMethodWorker.java:122)
at java.util.ArrayList.forEach(ArrayList.java:1257)
at org.testng.TestRunner.privateRun(TestRunner.java:767)
at org.testng.TestRunner.run(TestRunner.java:588)
at org.testng.SuiteRunner.runTest(SuiteRunner.java:384)
at org.testng.SuiteRunner.runSequentially(SuiteRunner.java:378)
at org.testng.SuiteRunner.privateRun(SuiteRunner.java:337)
at org.testng.SuiteRunner.run(SuiteRunner.java:286)
at org.testng.SuiteRunnerWorker.runSuite(SuiteRunnerWorker.java:53)
at org.testng.SuiteRunnerWorker.run(SuiteRunnerWorker.java:96)
at org.testng.TestNG.runSuitesSequentially(TestNG.java:1214)
at org.testng.TestNG.runSuitesLocally(TestNG.java:1136)
at org.testng.TestNG.runSuites(TestNG.java:1066)
at org.testng.TestNG.run(TestNG.java:1034)
at org.testng.remote.AbstractRemoteTestNG.run(AbstractRemoteTestNG.java:115)
at org.testng.remote.RemoteTestNG.initAndRun(RemoteTestNG.java:251)
at org.testng.remote.RemoteTestNG.main(RemoteTestNG.java:77)
]]>
    </failure>
  </testcase> <!-- @BeforeClass setDesiredCapabilities -->
  <testcase name="@AfterClass tearDown" time="-1.596298298471E9" classname="com.github.testBase.BaseClass">
    <skipped/>
  </testcase> <!-- @AfterClass tearDown -->
  <testcase name="verifyGithubSearchRepo" time="0.0" classname="com.github.testCases.TC_GitHubSearch_001">
    <skipped/>
  </testcase> <!-- verifyGithubSearchRepo -->
</testsuite> <!-- Default test -->
